2024-08-25 14:06:57,247 - MainThread - sqlmesh.core.config.connection - INFO - Creating new DuckDB adapter for in-memory database (connection.py:301)
2024-08-25 14:06:57,888 - MainThread - sqlmesh.core.config.connection - INFO - Creating new DuckDB adapter for in-memory database (connection.py:301)
2024-08-25 14:06:57,970 - MainThread - sqlmesh.core.state_sync.engine_adapter - INFO - Applying migration <module 'sqlmesh.migrations.v0001_init' from '/home/shivam/.local/lib/python3.10/site-packages/sqlmesh/migrations/v0001_init.py'> (engine_adapter.py:1007)
2024-08-25 14:06:57,976 - MainThread - sqlmesh.core.state_sync.engine_adapter - INFO - Applying migration <module 'sqlmesh.migrations.v0002_remove_identify' from '/home/shivam/.local/lib/python3.10/site-packages/sqlmesh/migrations/v0002_remove_identify.py'> (engine_adapter.py:1007)
2024-08-25 14:06:57,976 - MainThread - sqlmesh.core.state_sync.engine_adapter - INFO - Applying migration <module 'sqlmesh.migrations.v0003_move_batch_size' from '/home/shivam/.local/lib/python3.10/site-packages/sqlmesh/migrations/v0003_move_batch_size.py'> (engine_adapter.py:1007)
2024-08-25 14:06:57,978 - MainThread - sqlmesh.core.state_sync.engine_adapter - INFO - Applying migration <module 'sqlmesh.migrations.v0004_environmnent_add_finalized_at' from '/home/shivam/.local/lib/python3.10/site-packages/sqlmesh/migrations/v0004_environmnent_add_finalized_at.py'> (engine_adapter.py:1007)
2024-08-25 14:06:57,979 - MainThread - sqlmesh.core.state_sync.engine_adapter - INFO - Applying migration <module 'sqlmesh.migrations.v0005_create_seed_table' from '/home/shivam/.local/lib/python3.10/site-packages/sqlmesh/migrations/v0005_create_seed_table.py'> (engine_adapter.py:1007)
2024-08-25 14:06:57,980 - MainThread - sqlmesh.core.state_sync.engine_adapter - INFO - Applying migration <module 'sqlmesh.migrations.v0006_change_seed_hash' from '/home/shivam/.local/lib/python3.10/site-packages/sqlmesh/migrations/v0006_change_seed_hash.py'> (engine_adapter.py:1007)
2024-08-25 14:06:57,980 - MainThread - sqlmesh.core.state_sync.engine_adapter - INFO - Applying migration <module 'sqlmesh.migrations.v0007_env_table_info_to_kind' from '/home/shivam/.local/lib/python3.10/site-packages/sqlmesh/migrations/v0007_env_table_info_to_kind.py'> (engine_adapter.py:1007)
2024-08-25 14:06:57,982 - MainThread - sqlmesh.core.state_sync.engine_adapter - INFO - Applying migration <module 'sqlmesh.migrations.v0008_create_intervals_table' from '/home/shivam/.local/lib/python3.10/site-packages/sqlmesh/migrations/v0008_create_intervals_table.py'> (engine_adapter.py:1007)
2024-08-25 14:06:57,984 - MainThread - sqlmesh.core.state_sync.engine_adapter - INFO - Applying migration <module 'sqlmesh.migrations.v0009_remove_pre_post_hooks' from '/home/shivam/.local/lib/python3.10/site-packages/sqlmesh/migrations/v0009_remove_pre_post_hooks.py'> (engine_adapter.py:1007)
2024-08-25 14:06:57,985 - MainThread - sqlmesh.core.state_sync.engine_adapter - INFO - Applying migration <module 'sqlmesh.migrations.v0010_seed_hash_batch_size' from '/home/shivam/.local/lib/python3.10/site-packages/sqlmesh/migrations/v0010_seed_hash_batch_size.py'> (engine_adapter.py:1007)
2024-08-25 14:06:57,985 - MainThread - sqlmesh.core.state_sync.engine_adapter - INFO - Applying migration <module 'sqlmesh.migrations.v0011_add_model_kind_name' from '/home/shivam/.local/lib/python3.10/site-packages/sqlmesh/migrations/v0011_add_model_kind_name.py'> (engine_adapter.py:1007)
2024-08-25 14:06:57,987 - MainThread - sqlmesh.core.state_sync.engine_adapter - INFO - Applying migration <module 'sqlmesh.migrations.v0012_update_jinja_expressions' from '/home/shivam/.local/lib/python3.10/site-packages/sqlmesh/migrations/v0012_update_jinja_expressions.py'> (engine_adapter.py:1007)
2024-08-25 14:06:57,988 - MainThread - sqlmesh.core.state_sync.engine_adapter - INFO - Applying migration <module 'sqlmesh.migrations.v0013_serde_using_model_dialects' from '/home/shivam/.local/lib/python3.10/site-packages/sqlmesh/migrations/v0013_serde_using_model_dialects.py'> (engine_adapter.py:1007)
2024-08-25 14:06:57,989 - MainThread - sqlmesh.core.state_sync.engine_adapter - INFO - Applying migration <module 'sqlmesh.migrations.v0014_fix_dev_intervals' from '/home/shivam/.local/lib/python3.10/site-packages/sqlmesh/migrations/v0014_fix_dev_intervals.py'> (engine_adapter.py:1007)
2024-08-25 14:06:57,991 - MainThread - sqlmesh.core.state_sync.engine_adapter - INFO - Applying migration <module 'sqlmesh.migrations.v0015_environment_add_promoted_snapshot_ids' from '/home/shivam/.local/lib/python3.10/site-packages/sqlmesh/migrations/v0015_environment_add_promoted_snapshot_ids.py'> (engine_adapter.py:1007)
2024-08-25 14:06:57,994 - MainThread - sqlmesh.core.state_sync.engine_adapter - INFO - Applying migration <module 'sqlmesh.migrations.v0016_fix_windows_path' from '/home/shivam/.local/lib/python3.10/site-packages/sqlmesh/migrations/v0016_fix_windows_path.py'> (engine_adapter.py:1007)
2024-08-25 14:06:57,995 - MainThread - sqlmesh.core.state_sync.engine_adapter - INFO - Applying migration <module 'sqlmesh.migrations.v0017_fix_windows_seed_path' from '/home/shivam/.local/lib/python3.10/site-packages/sqlmesh/migrations/v0017_fix_windows_seed_path.py'> (engine_adapter.py:1007)
2024-08-25 14:06:57,997 - MainThread - sqlmesh.core.state_sync.engine_adapter - INFO - Applying migration <module 'sqlmesh.migrations.v0018_rename_snapshot_model_to_node' from '/home/shivam/.local/lib/python3.10/site-packages/sqlmesh/migrations/v0018_rename_snapshot_model_to_node.py'> (engine_adapter.py:1007)
2024-08-25 14:06:57,998 - MainThread - sqlmesh.core.state_sync.engine_adapter - INFO - Applying migration <module 'sqlmesh.migrations.v0019_add_env_suffix_target' from '/home/shivam/.local/lib/python3.10/site-packages/sqlmesh/migrations/v0019_add_env_suffix_target.py'> (engine_adapter.py:1007)
2024-08-25 14:06:57,999 - MainThread - sqlmesh.core.state_sync.engine_adapter - INFO - Applying migration <module 'sqlmesh.migrations.v0020_remove_redundant_attributes_from_dbt_models' from '/home/shivam/.local/lib/python3.10/site-packages/sqlmesh/migrations/v0020_remove_redundant_attributes_from_dbt_models.py'> (engine_adapter.py:1007)
2024-08-25 14:06:58,000 - MainThread - sqlmesh.core.state_sync.engine_adapter - INFO - Applying migration <module 'sqlmesh.migrations.v0021_fix_table_properties' from '/home/shivam/.local/lib/python3.10/site-packages/sqlmesh/migrations/v0021_fix_table_properties.py'> (engine_adapter.py:1007)
2024-08-25 14:06:58,001 - MainThread - sqlmesh.core.state_sync.engine_adapter - INFO - Applying migration <module 'sqlmesh.migrations.v0022_move_project_to_model' from '/home/shivam/.local/lib/python3.10/site-packages/sqlmesh/migrations/v0022_move_project_to_model.py'> (engine_adapter.py:1007)
2024-08-25 14:06:58,003 - MainThread - sqlmesh.core.state_sync.engine_adapter - INFO - Applying migration <module 'sqlmesh.migrations.v0023_fix_added_models_with_forward_only_parents' from '/home/shivam/.local/lib/python3.10/site-packages/sqlmesh/migrations/v0023_fix_added_models_with_forward_only_parents.py'> (engine_adapter.py:1007)
2024-08-25 14:06:58,004 - MainThread - sqlmesh.core.state_sync.engine_adapter - INFO - Applying migration <module 'sqlmesh.migrations.v0024_replace_model_kind_name_enum_with_value' from '/home/shivam/.local/lib/python3.10/site-packages/sqlmesh/migrations/v0024_replace_model_kind_name_enum_with_value.py'> (engine_adapter.py:1007)
2024-08-25 14:06:58,005 - MainThread - sqlmesh.core.state_sync.engine_adapter - INFO - Applying migration <module 'sqlmesh.migrations.v0025_fix_intervals_and_missing_change_category' from '/home/shivam/.local/lib/python3.10/site-packages/sqlmesh/migrations/v0025_fix_intervals_and_missing_change_category.py'> (engine_adapter.py:1007)
2024-08-25 14:06:58,006 - MainThread - sqlmesh.core.state_sync.engine_adapter - INFO - Applying migration <module 'sqlmesh.migrations.v0026_remove_dialect_from_seed' from '/home/shivam/.local/lib/python3.10/site-packages/sqlmesh/migrations/v0026_remove_dialect_from_seed.py'> (engine_adapter.py:1007)
2024-08-25 14:06:58,007 - MainThread - sqlmesh.core.state_sync.engine_adapter - INFO - Applying migration <module 'sqlmesh.migrations.v0027_minute_interval_to_five' from '/home/shivam/.local/lib/python3.10/site-packages/sqlmesh/migrations/v0027_minute_interval_to_five.py'> (engine_adapter.py:1007)
2024-08-25 14:06:58,008 - MainThread - sqlmesh.core.state_sync.engine_adapter - INFO - Applying migration <module 'sqlmesh.migrations.v0028_add_plan_dags_table' from '/home/shivam/.local/lib/python3.10/site-packages/sqlmesh/migrations/v0028_add_plan_dags_table.py'> (engine_adapter.py:1007)
2024-08-25 14:06:58,009 - MainThread - sqlmesh.core.state_sync.engine_adapter - INFO - Applying migration <module 'sqlmesh.migrations.v0029_generate_schema_types_using_dialect' from '/home/shivam/.local/lib/python3.10/site-packages/sqlmesh/migrations/v0029_generate_schema_types_using_dialect.py'> (engine_adapter.py:1007)
2024-08-25 14:06:58,011 - MainThread - sqlmesh.core.state_sync.engine_adapter - INFO - Applying migration <module 'sqlmesh.migrations.v0030_update_unrestorable_snapshots' from '/home/shivam/.local/lib/python3.10/site-packages/sqlmesh/migrations/v0030_update_unrestorable_snapshots.py'> (engine_adapter.py:1007)
2024-08-25 14:06:58,011 - MainThread - sqlmesh.core.state_sync.engine_adapter - INFO - Applying migration <module 'sqlmesh.migrations.v0031_remove_dbt_target_fields' from '/home/shivam/.local/lib/python3.10/site-packages/sqlmesh/migrations/v0031_remove_dbt_target_fields.py'> (engine_adapter.py:1007)
2024-08-25 14:06:58,012 - MainThread - sqlmesh.core.state_sync.engine_adapter - INFO - Applying migration <module 'sqlmesh.migrations.v0032_add_sqlmesh_version' from '/home/shivam/.local/lib/python3.10/site-packages/sqlmesh/migrations/v0032_add_sqlmesh_version.py'> (engine_adapter.py:1007)
2024-08-25 14:06:58,013 - MainThread - sqlmesh.core.state_sync.engine_adapter - INFO - Applying migration <module 'sqlmesh.migrations.v0033_mysql_fix_blob_text_type' from '/home/shivam/.local/lib/python3.10/site-packages/sqlmesh/migrations/v0033_mysql_fix_blob_text_type.py'> (engine_adapter.py:1007)
2024-08-25 14:06:58,013 - MainThread - sqlmesh.core.state_sync.engine_adapter - INFO - Applying migration <module 'sqlmesh.migrations.v0034_add_default_catalog' from '/home/shivam/.local/lib/python3.10/site-packages/sqlmesh/migrations/v0034_add_default_catalog.py'> (engine_adapter.py:1007)
2024-08-25 14:06:58,018 - MainThread - sqlmesh.core.state_sync.engine_adapter - INFO - Applying migration <module 'sqlmesh.migrations.v0035_add_catalog_name_override' from '/home/shivam/.local/lib/python3.10/site-packages/sqlmesh/migrations/v0035_add_catalog_name_override.py'> (engine_adapter.py:1007)
2024-08-25 14:06:58,019 - MainThread - sqlmesh.core.state_sync.engine_adapter - INFO - Applying migration <module 'sqlmesh.migrations.v0036_delete_plan_dags_bug_fix' from '/home/shivam/.local/lib/python3.10/site-packages/sqlmesh/migrations/v0036_delete_plan_dags_bug_fix.py'> (engine_adapter.py:1007)
2024-08-25 14:06:58,020 - MainThread - sqlmesh.core.state_sync.engine_adapter - INFO - Applying migration <module 'sqlmesh.migrations.v0037_remove_dbt_is_incremental_macro' from '/home/shivam/.local/lib/python3.10/site-packages/sqlmesh/migrations/v0037_remove_dbt_is_incremental_macro.py'> (engine_adapter.py:1007)
2024-08-25 14:06:58,021 - MainThread - sqlmesh.core.state_sync.engine_adapter - INFO - Applying migration <module 'sqlmesh.migrations.v0038_add_expiration_ts_to_snapshot' from '/home/shivam/.local/lib/python3.10/site-packages/sqlmesh/migrations/v0038_add_expiration_ts_to_snapshot.py'> (engine_adapter.py:1007)
2024-08-25 14:06:58,023 - MainThread - sqlmesh.core.state_sync.engine_adapter - INFO - Applying migration <module 'sqlmesh.migrations.v0039_include_environment_in_plan_dag_spec' from '/home/shivam/.local/lib/python3.10/site-packages/sqlmesh/migrations/v0039_include_environment_in_plan_dag_spec.py'> (engine_adapter.py:1007)
2024-08-25 14:06:58,024 - MainThread - sqlmesh.core.state_sync.engine_adapter - INFO - Applying migration <module 'sqlmesh.migrations.v0040_add_previous_finalized_snapshots' from '/home/shivam/.local/lib/python3.10/site-packages/sqlmesh/migrations/v0040_add_previous_finalized_snapshots.py'> (engine_adapter.py:1007)
2024-08-25 14:06:58,024 - MainThread - sqlmesh.core.state_sync.engine_adapter - INFO - Applying migration <module 'sqlmesh.migrations.v0041_remove_hash_raw_query_attribute' from '/home/shivam/.local/lib/python3.10/site-packages/sqlmesh/migrations/v0041_remove_hash_raw_query_attribute.py'> (engine_adapter.py:1007)
2024-08-25 14:06:58,026 - MainThread - sqlmesh.core.state_sync.engine_adapter - INFO - Applying migration <module 'sqlmesh.migrations.v0042_trim_indirect_versions' from '/home/shivam/.local/lib/python3.10/site-packages/sqlmesh/migrations/v0042_trim_indirect_versions.py'> (engine_adapter.py:1007)
2024-08-25 14:06:58,027 - MainThread - sqlmesh.core.state_sync.engine_adapter - INFO - Applying migration <module 'sqlmesh.migrations.v0043_fix_remove_obsolete_attributes_in_plan_dags' from '/home/shivam/.local/lib/python3.10/site-packages/sqlmesh/migrations/v0043_fix_remove_obsolete_attributes_in_plan_dags.py'> (engine_adapter.py:1007)
2024-08-25 14:06:58,027 - MainThread - sqlmesh.core.state_sync.engine_adapter - INFO - Applying migration <module 'sqlmesh.migrations.v0044_quote_identifiers_in_model_attributes' from '/home/shivam/.local/lib/python3.10/site-packages/sqlmesh/migrations/v0044_quote_identifiers_in_model_attributes.py'> (engine_adapter.py:1007)
2024-08-25 14:06:58,027 - MainThread - sqlmesh.core.state_sync.engine_adapter - INFO - Applying migration <module 'sqlmesh.migrations.v0045_move_gateway_variable' from '/home/shivam/.local/lib/python3.10/site-packages/sqlmesh/migrations/v0045_move_gateway_variable.py'> (engine_adapter.py:1007)
2024-08-25 14:06:58,028 - MainThread - sqlmesh.core.state_sync.engine_adapter - INFO - Applying migration <module 'sqlmesh.migrations.v0046_add_batch_concurrency' from '/home/shivam/.local/lib/python3.10/site-packages/sqlmesh/migrations/v0046_add_batch_concurrency.py'> (engine_adapter.py:1007)
2024-08-25 14:06:58,029 - MainThread - sqlmesh.core.state_sync.engine_adapter - INFO - Applying migration <module 'sqlmesh.migrations.v0047_change_scd_string_to_column' from '/home/shivam/.local/lib/python3.10/site-packages/sqlmesh/migrations/v0047_change_scd_string_to_column.py'> (engine_adapter.py:1007)
2024-08-25 14:06:58,029 - MainThread - sqlmesh.core.state_sync.engine_adapter - INFO - Applying migration <module 'sqlmesh.migrations.v0048_drop_indirect_versions' from '/home/shivam/.local/lib/python3.10/site-packages/sqlmesh/migrations/v0048_drop_indirect_versions.py'> (engine_adapter.py:1007)
2024-08-25 14:06:58,030 - MainThread - sqlmesh.core.state_sync.engine_adapter - INFO - Applying migration <module 'sqlmesh.migrations.v0049_replace_identifier_with_version_in_seeds_table' from '/home/shivam/.local/lib/python3.10/site-packages/sqlmesh/migrations/v0049_replace_identifier_with_version_in_seeds_table.py'> (engine_adapter.py:1007)
2024-08-25 14:06:58,038 - MainThread - sqlmesh.core.state_sync.engine_adapter - INFO - Applying migration <module 'sqlmesh.migrations.v0050_drop_seeds_table' from '/home/shivam/.local/lib/python3.10/site-packages/sqlmesh/migrations/v0050_drop_seeds_table.py'> (engine_adapter.py:1007)
2024-08-25 14:06:58,039 - MainThread - sqlmesh.core.state_sync.engine_adapter - INFO - Applying migration <module 'sqlmesh.migrations.v0051_rename_column_descriptions' from '/home/shivam/.local/lib/python3.10/site-packages/sqlmesh/migrations/v0051_rename_column_descriptions.py'> (engine_adapter.py:1007)
2024-08-25 14:06:58,040 - MainThread - sqlmesh.core.state_sync.engine_adapter - INFO - Applying migration <module 'sqlmesh.migrations.v0052_add_normalize_name_in_environment_naming_info' from '/home/shivam/.local/lib/python3.10/site-packages/sqlmesh/migrations/v0052_add_normalize_name_in_environment_naming_info.py'> (engine_adapter.py:1007)
2024-08-25 14:06:58,041 - MainThread - sqlmesh.core.state_sync.engine_adapter - INFO - Applying migration <module 'sqlmesh.migrations.v0053_custom_model_kind_extra_attributes' from '/home/shivam/.local/lib/python3.10/site-packages/sqlmesh/migrations/v0053_custom_model_kind_extra_attributes.py'> (engine_adapter.py:1007)
2024-08-25 14:06:58,041 - MainThread - sqlmesh.core.state_sync.engine_adapter - INFO - Applying migration <module 'sqlmesh.migrations.v0054_fix_trailing_comments' from '/home/shivam/.local/lib/python3.10/site-packages/sqlmesh/migrations/v0054_fix_trailing_comments.py'> (engine_adapter.py:1007)
2024-08-25 14:06:58,042 - MainThread - sqlmesh.core.state_sync.engine_adapter - INFO - Fetching environments (engine_adapter.py:1013)
2024-08-25 14:06:58,042 - MainThread - sqlmesh.core.state_sync.engine_adapter - INFO - Migrating snapshot rows... (engine_adapter.py:1030)
2024-08-25 14:06:58,043 - MainThread - sqlmesh.core.state_sync.engine_adapter - INFO - No changes to snapshots detected (engine_adapter.py:1023)
2024-08-25 14:06:59,666 - MainThread - sqlmesh.core.snapshot.evaluator - INFO - Listing data objects in schema memory.sqlmesh__sqlmesh_example (evaluator.py:273)
2024-08-25 14:06:59,667 - MainThread - sqlmesh.core.engine_adapter.base - INFO - Executing SQL: SELECT CURRENT_CATALOG() (base.py:1916)
2024-08-25 14:06:59,667 - MainThread - sqlmesh.core.engine_adapter.base - INFO - Executing SQL: SELECT CURRENT_CATALOG() (base.py:1916)
2024-08-25 14:06:59,670 - MainThread - sqlmesh.core.engine_adapter.base - INFO - Executing SQL: SELECT table_name AS name, table_schema AS schema, CASE table_type WHEN 'BASE TABLE' THEN 'table' WHEN 'VIEW' THEN 'view' WHEN 'LOCAL TEMPORARY' THEN 'table' END AS type FROM information_schema.tables WHERE (table_catalog = 'memory' AND table_schema = 'sqlmesh__sqlmesh_example') AND table_name IN ('sqlmesh_example__gcs_load__2382255180', 'sqlmesh_example__latest_session__2361115683', 'sqlmesh_example__latest_session__2361115683__temp', 'sqlmesh_example__gcs_load__2382255180__temp') (base.py:1916)
2024-08-25 14:06:59,712 - MainThread - sqlmesh.core.snapshot.evaluator - INFO - Creating schema 'memory.sqlmesh__sqlmesh_example' (evaluator.py:888)
2024-08-25 14:06:59,712 - MainThread - sqlmesh.core.engine_adapter.base - INFO - Executing SQL: CREATE SCHEMA IF NOT EXISTS "memory"."sqlmesh__sqlmesh_example" (base.py:1916)
2024-08-25 14:06:59,713 - MainThread - sqlmesh.core.snapshot.evaluator - INFO - Creating view 'memory.sqlmesh__sqlmesh_example.sqlmesh_example__gcs_load__2382255180__temp' (evaluator.py:1580)
2024-08-25 14:06:59,718 - MainThread - sqlmesh.core.engine_adapter.base - INFO - Executing SQL: CREATE OR REPLACE VIEW "memory"."sqlmesh__sqlmesh_example"."sqlmesh_example__gcs_load__2382255180__temp" AS SELECT * FROM READ_PARQUET(['~dev/mnt/20210131/*']) AS "_q_0" (base.py:1916)
2024-08-25 14:06:59,728 - MainThread - sqlmesh.core.context - ERROR - Apply Failure: Traceback (most recent call last):
  File "/home/shivam/.local/lib/python3.10/site-packages/sqlmesh/utils/concurrency.py", line 227, in sequential_apply_to_dag
    fn(node)
  File "/home/shivam/.local/lib/python3.10/site-packages/sqlmesh/utils/concurrency.py", line 165, in <lambda>
    lambda s_id: fn(snapshots_by_id[s_id]),
  File "/home/shivam/.local/lib/python3.10/site-packages/sqlmesh/core/snapshot/evaluator.py", line 300, in <lambda>
    lambda s: self._create_snapshot(
  File "/home/shivam/.local/lib/python3.10/site-packages/sqlmesh/core/snapshot/evaluator.py", line 706, in _create_snapshot
    evaluation_strategy.create(
  File "/home/shivam/.local/lib/python3.10/site-packages/sqlmesh/core/snapshot/evaluator.py", line 1581, in create
    self.adapter.create_view(
  File "/home/shivam/.local/lib/python3.10/site-packages/sqlmesh/core/engine_adapter/shared.py", line 267, in internal_wrapper
    return func(*list_args, **kwargs)
  File "/home/shivam/.local/lib/python3.10/site-packages/sqlmesh/core/engine_adapter/base.py", line 965, in create_view
    self.execute(
  File "/home/shivam/.local/lib/python3.10/site-packages/sqlmesh/core/engine_adapter/base.py", line 1913, in execute
    self._execute(sql, **kwargs)
  File "/home/shivam/.local/lib/python3.10/site-packages/sqlmesh/core/engine_adapter/base.py", line 1919, in _execute
    self.cursor.execute(sql, **kwargs)
duckdb.duckdb.IOException: IO Error: No files found that match the pattern "~dev/mnt/20210131/*"

The above exception was the direct cause of the following exception:

Traceback (most recent call last):
  File "/home/shivam/.local/lib/python3.10/site-packages/sqlmesh/core/context.py", line 1210, in apply
    self._apply(plan, circuit_breaker)
  File "/home/shivam/.local/lib/python3.10/site-packages/sqlmesh/core/context.py", line 1778, in _apply
    self._scheduler.create_plan_evaluator(self).evaluate(plan, circuit_breaker=circuit_breaker)
  File "/home/shivam/.local/lib/python3.10/site-packages/sqlmesh/core/plan/evaluator.py", line 111, in evaluate
    self._push(plan, deployability_index_for_creation)
  File "/home/shivam/.local/lib/python3.10/site-packages/sqlmesh/core/plan/evaluator.py", line 203, in _push
    self.snapshot_evaluator.create(
  File "/home/shivam/.local/lib/python3.10/site-packages/sqlmesh/core/snapshot/evaluator.py", line 298, in create
    concurrent_apply_to_snapshots(
  File "/home/shivam/.local/lib/python3.10/site-packages/sqlmesh/utils/concurrency.py", line 163, in concurrent_apply_to_snapshots
    return concurrent_apply_to_dag(
  File "/home/shivam/.local/lib/python3.10/site-packages/sqlmesh/utils/concurrency.py", line 198, in concurrent_apply_to_dag
    return sequential_apply_to_dag(dag, fn, raise_on_error)
  File "/home/shivam/.local/lib/python3.10/site-packages/sqlmesh/utils/concurrency.py", line 230, in sequential_apply_to_dag
    raise NodeExecutionFailedError(node) from ex
sqlmesh.utils.concurrency.NodeExecutionFailedError: Execution failed for node SnapshotId<"memory"."sqlmesh_example"."gcs_load": 3685465042>
 (context.py:1218)
2024-08-25 14:06:59,736 - MainThread - root - INFO - Shutting down the event dispatcher (dispatcher.py:159)
