2024-08-25 14:08:23,828 - MainThread - sqlmesh.core.config.connection - INFO - Creating new DuckDB adapter for in-memory database (connection.py:301)
2024-08-25 14:08:24,271 - MainThread - sqlmesh.core.config.connection - INFO - Creating new DuckDB adapter for in-memory database (connection.py:301)
2024-08-25 14:08:24,335 - MainThread - sqlmesh.core.state_sync.engine_adapter - INFO - Applying migration <module 'sqlmesh.migrations.v0001_init' from '/home/shivam/.local/lib/python3.10/site-packages/sqlmesh/migrations/v0001_init.py'> (engine_adapter.py:1007)
2024-08-25 14:08:24,340 - MainThread - sqlmesh.core.state_sync.engine_adapter - INFO - Applying migration <module 'sqlmesh.migrations.v0002_remove_identify' from '/home/shivam/.local/lib/python3.10/site-packages/sqlmesh/migrations/v0002_remove_identify.py'> (engine_adapter.py:1007)
2024-08-25 14:08:24,340 - MainThread - sqlmesh.core.state_sync.engine_adapter - INFO - Applying migration <module 'sqlmesh.migrations.v0003_move_batch_size' from '/home/shivam/.local/lib/python3.10/site-packages/sqlmesh/migrations/v0003_move_batch_size.py'> (engine_adapter.py:1007)
2024-08-25 14:08:24,341 - MainThread - sqlmesh.core.state_sync.engine_adapter - INFO - Applying migration <module 'sqlmesh.migrations.v0004_environmnent_add_finalized_at' from '/home/shivam/.local/lib/python3.10/site-packages/sqlmesh/migrations/v0004_environmnent_add_finalized_at.py'> (engine_adapter.py:1007)
2024-08-25 14:08:24,341 - MainThread - sqlmesh.core.state_sync.engine_adapter - INFO - Applying migration <module 'sqlmesh.migrations.v0005_create_seed_table' from '/home/shivam/.local/lib/python3.10/site-packages/sqlmesh/migrations/v0005_create_seed_table.py'> (engine_adapter.py:1007)
2024-08-25 14:08:24,343 - MainThread - sqlmesh.core.state_sync.engine_adapter - INFO - Applying migration <module 'sqlmesh.migrations.v0006_change_seed_hash' from '/home/shivam/.local/lib/python3.10/site-packages/sqlmesh/migrations/v0006_change_seed_hash.py'> (engine_adapter.py:1007)
2024-08-25 14:08:24,343 - MainThread - sqlmesh.core.state_sync.engine_adapter - INFO - Applying migration <module 'sqlmesh.migrations.v0007_env_table_info_to_kind' from '/home/shivam/.local/lib/python3.10/site-packages/sqlmesh/migrations/v0007_env_table_info_to_kind.py'> (engine_adapter.py:1007)
2024-08-25 14:08:24,344 - MainThread - sqlmesh.core.state_sync.engine_adapter - INFO - Applying migration <module 'sqlmesh.migrations.v0008_create_intervals_table' from '/home/shivam/.local/lib/python3.10/site-packages/sqlmesh/migrations/v0008_create_intervals_table.py'> (engine_adapter.py:1007)
2024-08-25 14:08:24,347 - MainThread - sqlmesh.core.state_sync.engine_adapter - INFO - Applying migration <module 'sqlmesh.migrations.v0009_remove_pre_post_hooks' from '/home/shivam/.local/lib/python3.10/site-packages/sqlmesh/migrations/v0009_remove_pre_post_hooks.py'> (engine_adapter.py:1007)
2024-08-25 14:08:24,348 - MainThread - sqlmesh.core.state_sync.engine_adapter - INFO - Applying migration <module 'sqlmesh.migrations.v0010_seed_hash_batch_size' from '/home/shivam/.local/lib/python3.10/site-packages/sqlmesh/migrations/v0010_seed_hash_batch_size.py'> (engine_adapter.py:1007)
2024-08-25 14:08:24,348 - MainThread - sqlmesh.core.state_sync.engine_adapter - INFO - Applying migration <module 'sqlmesh.migrations.v0011_add_model_kind_name' from '/home/shivam/.local/lib/python3.10/site-packages/sqlmesh/migrations/v0011_add_model_kind_name.py'> (engine_adapter.py:1007)
2024-08-25 14:08:24,349 - MainThread - sqlmesh.core.state_sync.engine_adapter - INFO - Applying migration <module 'sqlmesh.migrations.v0012_update_jinja_expressions' from '/home/shivam/.local/lib/python3.10/site-packages/sqlmesh/migrations/v0012_update_jinja_expressions.py'> (engine_adapter.py:1007)
2024-08-25 14:08:24,350 - MainThread - sqlmesh.core.state_sync.engine_adapter - INFO - Applying migration <module 'sqlmesh.migrations.v0013_serde_using_model_dialects' from '/home/shivam/.local/lib/python3.10/site-packages/sqlmesh/migrations/v0013_serde_using_model_dialects.py'> (engine_adapter.py:1007)
2024-08-25 14:08:24,351 - MainThread - sqlmesh.core.state_sync.engine_adapter - INFO - Applying migration <module 'sqlmesh.migrations.v0014_fix_dev_intervals' from '/home/shivam/.local/lib/python3.10/site-packages/sqlmesh/migrations/v0014_fix_dev_intervals.py'> (engine_adapter.py:1007)
2024-08-25 14:08:24,352 - MainThread - sqlmesh.core.state_sync.engine_adapter - INFO - Applying migration <module 'sqlmesh.migrations.v0015_environment_add_promoted_snapshot_ids' from '/home/shivam/.local/lib/python3.10/site-packages/sqlmesh/migrations/v0015_environment_add_promoted_snapshot_ids.py'> (engine_adapter.py:1007)
2024-08-25 14:08:24,353 - MainThread - sqlmesh.core.state_sync.engine_adapter - INFO - Applying migration <module 'sqlmesh.migrations.v0016_fix_windows_path' from '/home/shivam/.local/lib/python3.10/site-packages/sqlmesh/migrations/v0016_fix_windows_path.py'> (engine_adapter.py:1007)
2024-08-25 14:08:24,354 - MainThread - sqlmesh.core.state_sync.engine_adapter - INFO - Applying migration <module 'sqlmesh.migrations.v0017_fix_windows_seed_path' from '/home/shivam/.local/lib/python3.10/site-packages/sqlmesh/migrations/v0017_fix_windows_seed_path.py'> (engine_adapter.py:1007)
2024-08-25 14:08:24,355 - MainThread - sqlmesh.core.state_sync.engine_adapter - INFO - Applying migration <module 'sqlmesh.migrations.v0018_rename_snapshot_model_to_node' from '/home/shivam/.local/lib/python3.10/site-packages/sqlmesh/migrations/v0018_rename_snapshot_model_to_node.py'> (engine_adapter.py:1007)
2024-08-25 14:08:24,356 - MainThread - sqlmesh.core.state_sync.engine_adapter - INFO - Applying migration <module 'sqlmesh.migrations.v0019_add_env_suffix_target' from '/home/shivam/.local/lib/python3.10/site-packages/sqlmesh/migrations/v0019_add_env_suffix_target.py'> (engine_adapter.py:1007)
2024-08-25 14:08:24,358 - MainThread - sqlmesh.core.state_sync.engine_adapter - INFO - Applying migration <module 'sqlmesh.migrations.v0020_remove_redundant_attributes_from_dbt_models' from '/home/shivam/.local/lib/python3.10/site-packages/sqlmesh/migrations/v0020_remove_redundant_attributes_from_dbt_models.py'> (engine_adapter.py:1007)
2024-08-25 14:08:24,359 - MainThread - sqlmesh.core.state_sync.engine_adapter - INFO - Applying migration <module 'sqlmesh.migrations.v0021_fix_table_properties' from '/home/shivam/.local/lib/python3.10/site-packages/sqlmesh/migrations/v0021_fix_table_properties.py'> (engine_adapter.py:1007)
2024-08-25 14:08:24,360 - MainThread - sqlmesh.core.state_sync.engine_adapter - INFO - Applying migration <module 'sqlmesh.migrations.v0022_move_project_to_model' from '/home/shivam/.local/lib/python3.10/site-packages/sqlmesh/migrations/v0022_move_project_to_model.py'> (engine_adapter.py:1007)
2024-08-25 14:08:24,361 - MainThread - sqlmesh.core.state_sync.engine_adapter - INFO - Applying migration <module 'sqlmesh.migrations.v0023_fix_added_models_with_forward_only_parents' from '/home/shivam/.local/lib/python3.10/site-packages/sqlmesh/migrations/v0023_fix_added_models_with_forward_only_parents.py'> (engine_adapter.py:1007)
2024-08-25 14:08:24,362 - MainThread - sqlmesh.core.state_sync.engine_adapter - INFO - Applying migration <module 'sqlmesh.migrations.v0024_replace_model_kind_name_enum_with_value' from '/home/shivam/.local/lib/python3.10/site-packages/sqlmesh/migrations/v0024_replace_model_kind_name_enum_with_value.py'> (engine_adapter.py:1007)
2024-08-25 14:08:24,363 - MainThread - sqlmesh.core.state_sync.engine_adapter - INFO - Applying migration <module 'sqlmesh.migrations.v0025_fix_intervals_and_missing_change_category' from '/home/shivam/.local/lib/python3.10/site-packages/sqlmesh/migrations/v0025_fix_intervals_and_missing_change_category.py'> (engine_adapter.py:1007)
2024-08-25 14:08:24,364 - MainThread - sqlmesh.core.state_sync.engine_adapter - INFO - Applying migration <module 'sqlmesh.migrations.v0026_remove_dialect_from_seed' from '/home/shivam/.local/lib/python3.10/site-packages/sqlmesh/migrations/v0026_remove_dialect_from_seed.py'> (engine_adapter.py:1007)
2024-08-25 14:08:24,365 - MainThread - sqlmesh.core.state_sync.engine_adapter - INFO - Applying migration <module 'sqlmesh.migrations.v0027_minute_interval_to_five' from '/home/shivam/.local/lib/python3.10/site-packages/sqlmesh/migrations/v0027_minute_interval_to_five.py'> (engine_adapter.py:1007)
2024-08-25 14:08:24,366 - MainThread - sqlmesh.core.state_sync.engine_adapter - INFO - Applying migration <module 'sqlmesh.migrations.v0028_add_plan_dags_table' from '/home/shivam/.local/lib/python3.10/site-packages/sqlmesh/migrations/v0028_add_plan_dags_table.py'> (engine_adapter.py:1007)
2024-08-25 14:08:24,368 - MainThread - sqlmesh.core.state_sync.engine_adapter - INFO - Applying migration <module 'sqlmesh.migrations.v0029_generate_schema_types_using_dialect' from '/home/shivam/.local/lib/python3.10/site-packages/sqlmesh/migrations/v0029_generate_schema_types_using_dialect.py'> (engine_adapter.py:1007)
2024-08-25 14:08:24,369 - MainThread - sqlmesh.core.state_sync.engine_adapter - INFO - Applying migration <module 'sqlmesh.migrations.v0030_update_unrestorable_snapshots' from '/home/shivam/.local/lib/python3.10/site-packages/sqlmesh/migrations/v0030_update_unrestorable_snapshots.py'> (engine_adapter.py:1007)
2024-08-25 14:08:24,370 - MainThread - sqlmesh.core.state_sync.engine_adapter - INFO - Applying migration <module 'sqlmesh.migrations.v0031_remove_dbt_target_fields' from '/home/shivam/.local/lib/python3.10/site-packages/sqlmesh/migrations/v0031_remove_dbt_target_fields.py'> (engine_adapter.py:1007)
2024-08-25 14:08:24,371 - MainThread - sqlmesh.core.state_sync.engine_adapter - INFO - Applying migration <module 'sqlmesh.migrations.v0032_add_sqlmesh_version' from '/home/shivam/.local/lib/python3.10/site-packages/sqlmesh/migrations/v0032_add_sqlmesh_version.py'> (engine_adapter.py:1007)
2024-08-25 14:08:24,371 - MainThread - sqlmesh.core.state_sync.engine_adapter - INFO - Applying migration <module 'sqlmesh.migrations.v0033_mysql_fix_blob_text_type' from '/home/shivam/.local/lib/python3.10/site-packages/sqlmesh/migrations/v0033_mysql_fix_blob_text_type.py'> (engine_adapter.py:1007)
2024-08-25 14:08:24,371 - MainThread - sqlmesh.core.state_sync.engine_adapter - INFO - Applying migration <module 'sqlmesh.migrations.v0034_add_default_catalog' from '/home/shivam/.local/lib/python3.10/site-packages/sqlmesh/migrations/v0034_add_default_catalog.py'> (engine_adapter.py:1007)
2024-08-25 14:08:24,376 - MainThread - sqlmesh.core.state_sync.engine_adapter - INFO - Applying migration <module 'sqlmesh.migrations.v0035_add_catalog_name_override' from '/home/shivam/.local/lib/python3.10/site-packages/sqlmesh/migrations/v0035_add_catalog_name_override.py'> (engine_adapter.py:1007)
2024-08-25 14:08:24,377 - MainThread - sqlmesh.core.state_sync.engine_adapter - INFO - Applying migration <module 'sqlmesh.migrations.v0036_delete_plan_dags_bug_fix' from '/home/shivam/.local/lib/python3.10/site-packages/sqlmesh/migrations/v0036_delete_plan_dags_bug_fix.py'> (engine_adapter.py:1007)
2024-08-25 14:08:24,377 - MainThread - sqlmesh.core.state_sync.engine_adapter - INFO - Applying migration <module 'sqlmesh.migrations.v0037_remove_dbt_is_incremental_macro' from '/home/shivam/.local/lib/python3.10/site-packages/sqlmesh/migrations/v0037_remove_dbt_is_incremental_macro.py'> (engine_adapter.py:1007)
2024-08-25 14:08:24,378 - MainThread - sqlmesh.core.state_sync.engine_adapter - INFO - Applying migration <module 'sqlmesh.migrations.v0038_add_expiration_ts_to_snapshot' from '/home/shivam/.local/lib/python3.10/site-packages/sqlmesh/migrations/v0038_add_expiration_ts_to_snapshot.py'> (engine_adapter.py:1007)
2024-08-25 14:08:24,380 - MainThread - sqlmesh.core.state_sync.engine_adapter - INFO - Applying migration <module 'sqlmesh.migrations.v0039_include_environment_in_plan_dag_spec' from '/home/shivam/.local/lib/python3.10/site-packages/sqlmesh/migrations/v0039_include_environment_in_plan_dag_spec.py'> (engine_adapter.py:1007)
2024-08-25 14:08:24,381 - MainThread - sqlmesh.core.state_sync.engine_adapter - INFO - Applying migration <module 'sqlmesh.migrations.v0040_add_previous_finalized_snapshots' from '/home/shivam/.local/lib/python3.10/site-packages/sqlmesh/migrations/v0040_add_previous_finalized_snapshots.py'> (engine_adapter.py:1007)
2024-08-25 14:08:24,381 - MainThread - sqlmesh.core.state_sync.engine_adapter - INFO - Applying migration <module 'sqlmesh.migrations.v0041_remove_hash_raw_query_attribute' from '/home/shivam/.local/lib/python3.10/site-packages/sqlmesh/migrations/v0041_remove_hash_raw_query_attribute.py'> (engine_adapter.py:1007)
2024-08-25 14:08:24,382 - MainThread - sqlmesh.core.state_sync.engine_adapter - INFO - Applying migration <module 'sqlmesh.migrations.v0042_trim_indirect_versions' from '/home/shivam/.local/lib/python3.10/site-packages/sqlmesh/migrations/v0042_trim_indirect_versions.py'> (engine_adapter.py:1007)
2024-08-25 14:08:24,383 - MainThread - sqlmesh.core.state_sync.engine_adapter - INFO - Applying migration <module 'sqlmesh.migrations.v0043_fix_remove_obsolete_attributes_in_plan_dags' from '/home/shivam/.local/lib/python3.10/site-packages/sqlmesh/migrations/v0043_fix_remove_obsolete_attributes_in_plan_dags.py'> (engine_adapter.py:1007)
2024-08-25 14:08:24,384 - MainThread - sqlmesh.core.state_sync.engine_adapter - INFO - Applying migration <module 'sqlmesh.migrations.v0044_quote_identifiers_in_model_attributes' from '/home/shivam/.local/lib/python3.10/site-packages/sqlmesh/migrations/v0044_quote_identifiers_in_model_attributes.py'> (engine_adapter.py:1007)
2024-08-25 14:08:24,384 - MainThread - sqlmesh.core.state_sync.engine_adapter - INFO - Applying migration <module 'sqlmesh.migrations.v0045_move_gateway_variable' from '/home/shivam/.local/lib/python3.10/site-packages/sqlmesh/migrations/v0045_move_gateway_variable.py'> (engine_adapter.py:1007)
2024-08-25 14:08:24,386 - MainThread - sqlmesh.core.state_sync.engine_adapter - INFO - Applying migration <module 'sqlmesh.migrations.v0046_add_batch_concurrency' from '/home/shivam/.local/lib/python3.10/site-packages/sqlmesh/migrations/v0046_add_batch_concurrency.py'> (engine_adapter.py:1007)
2024-08-25 14:08:24,386 - MainThread - sqlmesh.core.state_sync.engine_adapter - INFO - Applying migration <module 'sqlmesh.migrations.v0047_change_scd_string_to_column' from '/home/shivam/.local/lib/python3.10/site-packages/sqlmesh/migrations/v0047_change_scd_string_to_column.py'> (engine_adapter.py:1007)
2024-08-25 14:08:24,386 - MainThread - sqlmesh.core.state_sync.engine_adapter - INFO - Applying migration <module 'sqlmesh.migrations.v0048_drop_indirect_versions' from '/home/shivam/.local/lib/python3.10/site-packages/sqlmesh/migrations/v0048_drop_indirect_versions.py'> (engine_adapter.py:1007)
2024-08-25 14:08:24,387 - MainThread - sqlmesh.core.state_sync.engine_adapter - INFO - Applying migration <module 'sqlmesh.migrations.v0049_replace_identifier_with_version_in_seeds_table' from '/home/shivam/.local/lib/python3.10/site-packages/sqlmesh/migrations/v0049_replace_identifier_with_version_in_seeds_table.py'> (engine_adapter.py:1007)
2024-08-25 14:08:24,394 - MainThread - sqlmesh.core.state_sync.engine_adapter - INFO - Applying migration <module 'sqlmesh.migrations.v0050_drop_seeds_table' from '/home/shivam/.local/lib/python3.10/site-packages/sqlmesh/migrations/v0050_drop_seeds_table.py'> (engine_adapter.py:1007)
2024-08-25 14:08:24,394 - MainThread - sqlmesh.core.state_sync.engine_adapter - INFO - Applying migration <module 'sqlmesh.migrations.v0051_rename_column_descriptions' from '/home/shivam/.local/lib/python3.10/site-packages/sqlmesh/migrations/v0051_rename_column_descriptions.py'> (engine_adapter.py:1007)
2024-08-25 14:08:24,395 - MainThread - sqlmesh.core.state_sync.engine_adapter - INFO - Applying migration <module 'sqlmesh.migrations.v0052_add_normalize_name_in_environment_naming_info' from '/home/shivam/.local/lib/python3.10/site-packages/sqlmesh/migrations/v0052_add_normalize_name_in_environment_naming_info.py'> (engine_adapter.py:1007)
2024-08-25 14:08:24,397 - MainThread - sqlmesh.core.state_sync.engine_adapter - INFO - Applying migration <module 'sqlmesh.migrations.v0053_custom_model_kind_extra_attributes' from '/home/shivam/.local/lib/python3.10/site-packages/sqlmesh/migrations/v0053_custom_model_kind_extra_attributes.py'> (engine_adapter.py:1007)
2024-08-25 14:08:24,397 - MainThread - sqlmesh.core.state_sync.engine_adapter - INFO - Applying migration <module 'sqlmesh.migrations.v0054_fix_trailing_comments' from '/home/shivam/.local/lib/python3.10/site-packages/sqlmesh/migrations/v0054_fix_trailing_comments.py'> (engine_adapter.py:1007)
2024-08-25 14:08:24,397 - MainThread - sqlmesh.core.state_sync.engine_adapter - INFO - Fetching environments (engine_adapter.py:1013)
2024-08-25 14:08:24,398 - MainThread - sqlmesh.core.state_sync.engine_adapter - INFO - Migrating snapshot rows... (engine_adapter.py:1030)
2024-08-25 14:08:24,399 - MainThread - sqlmesh.core.state_sync.engine_adapter - INFO - No changes to snapshots detected (engine_adapter.py:1023)
2024-08-25 14:08:25,901 - MainThread - sqlmesh.core.snapshot.evaluator - INFO - Listing data objects in schema memory.sqlmesh__sqlmesh_example (evaluator.py:273)
2024-08-25 14:08:25,901 - MainThread - sqlmesh.core.engine_adapter.base - INFO - Executing SQL: SELECT CURRENT_CATALOG() (base.py:1916)
2024-08-25 14:08:25,902 - MainThread - sqlmesh.core.engine_adapter.base - INFO - Executing SQL: SELECT CURRENT_CATALOG() (base.py:1916)
2024-08-25 14:08:25,904 - MainThread - sqlmesh.core.engine_adapter.base - INFO - Executing SQL: SELECT table_name AS name, table_schema AS schema, CASE table_type WHEN 'BASE TABLE' THEN 'table' WHEN 'VIEW' THEN 'view' WHEN 'LOCAL TEMPORARY' THEN 'table' END AS type FROM information_schema.tables WHERE (table_catalog = 'memory' AND table_schema = 'sqlmesh__sqlmesh_example') AND table_name IN ('sqlmesh_example__latest_session__3656006440__temp', 'sqlmesh_example__gcs_load__3424733010', 'sqlmesh_example__gcs_load__3424733010__temp', 'sqlmesh_example__latest_session__3656006440') (base.py:1916)
2024-08-25 14:08:25,938 - MainThread - sqlmesh.core.snapshot.evaluator - INFO - Creating schema 'memory.sqlmesh__sqlmesh_example' (evaluator.py:888)
2024-08-25 14:08:25,938 - MainThread - sqlmesh.core.engine_adapter.base - INFO - Executing SQL: CREATE SCHEMA IF NOT EXISTS "memory"."sqlmesh__sqlmesh_example" (base.py:1916)
2024-08-25 14:08:25,939 - MainThread - sqlmesh.core.snapshot.evaluator - INFO - Creating view 'memory.sqlmesh__sqlmesh_example.sqlmesh_example__gcs_load__3424733010__temp' (evaluator.py:1580)
2024-08-25 14:08:25,945 - MainThread - sqlmesh.core.engine_adapter.base - INFO - Executing SQL: CREATE OR REPLACE VIEW "memory"."sqlmesh__sqlmesh_example"."sqlmesh_example__gcs_load__3424733010__temp" AS SELECT * FROM READ_PARQUET(['~/dev/mnt/20210131/*']) AS "_q_0" (base.py:1916)
2024-08-25 14:08:29,453 - MainThread - sqlmesh.core.snapshot.evaluator - INFO - Creating view 'memory.sqlmesh__sqlmesh_example.sqlmesh_example__gcs_load__3424733010' (evaluator.py:1580)
2024-08-25 14:08:29,458 - MainThread - sqlmesh.core.engine_adapter.base - INFO - Executing SQL: CREATE OR REPLACE VIEW "memory"."sqlmesh__sqlmesh_example"."sqlmesh_example__gcs_load__3424733010" AS SELECT * FROM READ_PARQUET(['~/dev/mnt/20210131/*']) AS "_q_0" (base.py:1916)
2024-08-25 14:08:29,808 - MainThread - sqlmesh.core.snapshot.evaluator - INFO - Creating view 'memory.sqlmesh__sqlmesh_example.sqlmesh_example__latest_session__3656006440__temp' (evaluator.py:1580)
2024-08-25 14:08:29,820 - MainThread - sqlmesh.core.engine_adapter.base - INFO - Executing SQL: CREATE OR REPLACE VIEW "memory"."sqlmesh__sqlmesh_example"."sqlmesh_example__latest_session__3656006440__temp" AS SELECT DISTINCT "event_date" AS "event_date", "user_pseudo_id" AS "user_pseudo_id", FIRST_VALUE((SELECT "ep"."key"."value"."int_value" WHERE "ep"."key"."key" = 'ga_session_id' LIMIT 1)) OVER "userwindow" AS "ga_session_id", FIRST_VALUE((SELECT "ep"."key"."value"."int_value" WHERE "ep"."key"."key" = 'ga_session_number' LIMIT 1)) OVER "userwindow" AS "ga_session_number" FROM "memory"."sqlmesh__sqlmesh_example"."sqlmesh_example__gcs_load__3424733010" AS "gcs_load", UNNEST("event_params") AS "ep"("key") WHERE "user_pseudo_id" IN ('1026454.4271112504', '1031480.8260955562', '1037360.4939379761') WINDOW "userwindow" AS (PARTITION BY "user_pseudo_id" ORDER BY "event_timestamp" DESC) (base.py:1916)
2024-08-25 14:08:31,191 - MainThread - sqlmesh.core.snapshot.evaluator - INFO - Creating view 'memory.sqlmesh__sqlmesh_example.sqlmesh_example__latest_session__3656006440' (evaluator.py:1580)
2024-08-25 14:08:31,202 - MainThread - sqlmesh.core.engine_adapter.base - INFO - Executing SQL: CREATE OR REPLACE VIEW "memory"."sqlmesh__sqlmesh_example"."sqlmesh_example__latest_session__3656006440" AS SELECT DISTINCT "event_date" AS "event_date", "user_pseudo_id" AS "user_pseudo_id", FIRST_VALUE((SELECT "ep"."key"."value"."int_value" WHERE "ep"."key"."key" = 'ga_session_id' LIMIT 1)) OVER "userwindow" AS "ga_session_id", FIRST_VALUE((SELECT "ep"."key"."value"."int_value" WHERE "ep"."key"."key" = 'ga_session_number' LIMIT 1)) OVER "userwindow" AS "ga_session_number" FROM "memory"."sqlmesh__sqlmesh_example"."sqlmesh_example__gcs_load__3424733010" AS "gcs_load", UNNEST("event_params") AS "ep"("key") WHERE "user_pseudo_id" IN ('1026454.4271112504', '1031480.8260955562', '1037360.4939379761') WINDOW "userwindow" AS (PARTITION BY "user_pseudo_id" ORDER BY "event_timestamp" DESC) (base.py:1916)
2024-08-25 14:08:31,602 - MainThread - sqlmesh.core.engine_adapter.base - INFO - Executing SQL: COPY "memory"."sqlmesh__sqlmesh_example"."sqlmesh_example__latest_session__3656006440" TO '~/dev/mnt/output/20240825/140831/latest_session.csv' (base.py:1916)
2024-08-25 14:08:35,371 - MainThread - sqlmesh.core.context - ERROR - Apply Failure: Traceback (most recent call last):
  File "/home/shivam/.local/lib/python3.10/site-packages/sqlmesh/utils/concurrency.py", line 227, in sequential_apply_to_dag
    fn(node)
  File "/home/shivam/.local/lib/python3.10/site-packages/sqlmesh/utils/concurrency.py", line 165, in <lambda>
    lambda s_id: fn(snapshots_by_id[s_id]),
  File "/home/shivam/.local/lib/python3.10/site-packages/sqlmesh/core/snapshot/evaluator.py", line 300, in <lambda>
    lambda s: self._create_snapshot(
  File "/home/shivam/.local/lib/python3.10/site-packages/sqlmesh/core/snapshot/evaluator.py", line 714, in _create_snapshot
    self.adapter.execute(snapshot.model.render_post_statements(**pre_post_render_kwargs))
  File "/home/shivam/.local/lib/python3.10/site-packages/sqlmesh/core/engine_adapter/base.py", line 1913, in execute
    self._execute(sql, **kwargs)
  File "/home/shivam/.local/lib/python3.10/site-packages/sqlmesh/core/engine_adapter/base.py", line 1919, in _execute
    self.cursor.execute(sql, **kwargs)
duckdb.duckdb.IOException: IO Error: Cannot open file "/home/shivam/dev/mnt/output/20240825/140831/latest_session.csv": No such file or directory

The above exception was the direct cause of the following exception:

Traceback (most recent call last):
  File "/home/shivam/.local/lib/python3.10/site-packages/sqlmesh/core/context.py", line 1210, in apply
    self._apply(plan, circuit_breaker)
  File "/home/shivam/.local/lib/python3.10/site-packages/sqlmesh/core/context.py", line 1778, in _apply
    self._scheduler.create_plan_evaluator(self).evaluate(plan, circuit_breaker=circuit_breaker)
  File "/home/shivam/.local/lib/python3.10/site-packages/sqlmesh/core/plan/evaluator.py", line 111, in evaluate
    self._push(plan, deployability_index_for_creation)
  File "/home/shivam/.local/lib/python3.10/site-packages/sqlmesh/core/plan/evaluator.py", line 203, in _push
    self.snapshot_evaluator.create(
  File "/home/shivam/.local/lib/python3.10/site-packages/sqlmesh/core/snapshot/evaluator.py", line 298, in create
    concurrent_apply_to_snapshots(
  File "/home/shivam/.local/lib/python3.10/site-packages/sqlmesh/utils/concurrency.py", line 163, in concurrent_apply_to_snapshots
    return concurrent_apply_to_dag(
  File "/home/shivam/.local/lib/python3.10/site-packages/sqlmesh/utils/concurrency.py", line 198, in concurrent_apply_to_dag
    return sequential_apply_to_dag(dag, fn, raise_on_error)
  File "/home/shivam/.local/lib/python3.10/site-packages/sqlmesh/utils/concurrency.py", line 230, in sequential_apply_to_dag
    raise NodeExecutionFailedError(node) from ex
sqlmesh.utils.concurrency.NodeExecutionFailedError: Execution failed for node SnapshotId<"memory"."sqlmesh_example"."latest_session": 787901725>
 (context.py:1218)
2024-08-25 14:08:35,377 - MainThread - root - INFO - Shutting down the event dispatcher (dispatcher.py:159)
